<?xml version="1.0" encoding="UTF-8"?>
<testng-results ignored="0" total="2" passed="2" failed="0" skipped="0">
  <reporter-output>
  </reporter-output>
  <suite started-at="2023-04-13T13:08:11 IST" name="Default suite" finished-at="2023-04-13T13:08:11 IST" duration-ms="42">
    <groups>
    </groups>
    <test started-at="2023-04-13T13:08:11 IST" name="Default test" finished-at="2023-04-13T13:08:11 IST" duration-ms="42">
      <class name="Demo.demo">
        <test-method signature="sample()[pri:0, instance:Demo.demo@1bb266b3]" started-at="2023-04-13T13:08:11 IST" name="sample" finished-at="2023-04-13T13:08:11 IST" duration-ms="7" status="PASS">
          <reporter-output>
          </reporter-output>
        </test-method> <!-- sample -->
        <test-method signature="sample1()[pri:0, instance:Demo.demo@1bb266b3]" started-at="2023-04-13T13:08:11 IST" name="sample1" finished-at="2023-04-13T13:08:11 IST" duration-ms="1" status="PASS">
          <reporter-output>
          </reporter-output>
        </test-method> <!-- sample1 -->
      </class> <!-- Demo.demo -->
    </test> <!-- Default test -->
  </suite> <!-- Default suite -->
</testng-results>
