<?xml version="1.0" encoding="UTF-8"?>
<testng-results ignored="0" total="1" passed="1" failed="0" skipped="0">
  <reporter-output>
  </reporter-output>
  <suite started-at="2023-04-13T10:13:15 IST" name="Default suite" finished-at="2023-04-13T10:13:15 IST" duration-ms="49">
    <groups>
    </groups>
    <test started-at="2023-04-13T10:13:15 IST" name="Default test" finished-at="2023-04-13T10:13:15 IST" duration-ms="49">
      <class name="sample.SampleTest1">
        <test-method signature="AT()[pri:0, instance:sample.SampleTest1@52102734]" started-at="2023-04-13T10:13:15 IST" name="AT" finished-at="2023-04-13T10:13:15 IST" duration-ms="9" status="PASS">
          <reporter-output>
          </reporter-output>
        </test-method> <!-- AT -->
      </class> <!-- sample.SampleTest1 -->
    </test> <!-- Default test -->
  </suite> <!-- Default suite -->
</testng-results>
